[INFO] Scanning for projects...
[INFO] 
[INFO] -------------------< com.example:broker-message-be >--------------------
[INFO] Building broker-message-be 0.0.1-SNAPSHOT
[INFO]   from pom.xml
[INFO] --------------------------------[ jar ]---------------------------------
[INFO] 
[INFO] >>> spring-boot:3.2.4:run (default-cli) > test-compile @ broker-message-be >>>
[INFO] 
[INFO] --- resources:3.3.1:resources (default-resources) @ broker-message-be ---
[INFO] Copying 1 resource from src/main/resources to target/classes
[INFO] Copying 0 resource from src/main/resources to target/classes
[INFO] 
[INFO] --- compiler:3.11.0:compile (default-compile) @ broker-message-be ---
[INFO] Nothing to compile - all classes are up to date
[INFO] 
[INFO] --- resources:3.3.1:testResources (default-testResources) @ broker-message-be ---
[INFO] skip non existing resourceDirectory /Users/joaquinholmes/TareaPoot/broker-message-be/src/test/resources
[INFO] 
[INFO] --- compiler:3.11.0:testCompile (default-testCompile) @ broker-message-be ---
[INFO] No sources to compile
[INFO] 
[INFO] <<< spring-boot:3.2.4:run (default-cli) < test-compile @ broker-message-be <<<
[INFO] 
[INFO] 
[INFO] --- spring-boot:3.2.4:run (default-cli) @ broker-message-be ---
[INFO] Attaching agents: []

  .   ____          _            __ _ _
 /\\ / ___'_ __ _ _(_)_ __  __ _ \ \ \ \
( ( )\___ | '_ | '_| | '_ \/ _` | \ \ \ \
 \\/  ___)| |_)| | | | | || (_| |  ) ) ) )
  '  |____| .__|_| |_|_| |_\__, | / / / /
 =========|_|==============|___/=/_/_/_/
 :: Spring Boot ::                (v3.2.4)

2026-04-15T19:03:01.481-06:00  INFO 27862 --- [broker-message-be] [           main] c.e.b.BrokerMessageBeApplication         : Starting BrokerMessageBeApplication using Java 25.0.1 with PID 27862 (/Users/joaquinholmes/TareaPoot/broker-message-be/target/classes started by joaquinholmes in /Users/joaquinholmes/TareaPoot/broker-message-be)
2026-04-15T19:03:01.482-06:00  INFO 27862 --- [broker-message-be] [           main] c.e.b.BrokerMessageBeApplication         : No active profile set, falling back to 1 default profile: "default"
2026-04-15T19:03:01.641-06:00  INFO 27862 --- [broker-message-be] [           main] .s.d.r.c.RepositoryConfigurationDelegate : Bootstrapping Spring Data JPA repositories in DEFAULT mode.
2026-04-15T19:03:01.656-06:00  INFO 27862 --- [broker-message-be] [           main] .s.d.r.c.RepositoryConfigurationDelegate : Finished Spring Data repository scanning in 13 ms. Found 4 JPA repository interfaces.
WARNING: A restricted method in java.lang.System has been called
WARNING: java.lang.System::load has been called by org.apache.tomcat.jni.Library in an unnamed module (file:/Users/joaquinholmes/.m2/repository/org/apache/tomcat/embed/tomcat-embed-core/10.1.19/tomcat-embed-core-10.1.19.jar)
WARNING: Use --enable-native-access=ALL-UNNAMED to avoid a warning for callers in this module
WARNING: Restricted methods will be blocked in a future release unless native access is enabled

2026-04-15T19:03:01.805-06:00  INFO 27862 --- [broker-message-be] [           main] o.s.b.w.embedded.tomcat.TomcatWebServer  : Tomcat initialized with port 8080 (http)
2026-04-15T19:03:01.809-06:00  INFO 27862 --- [broker-message-be] [           main] o.apache.catalina.core.StandardService   : Starting service [Tomcat]
2026-04-15T19:03:01.809-06:00  INFO 27862 --- [broker-message-be] [           main] o.apache.catalina.core.StandardEngine    : Starting Servlet engine: [Apache Tomcat/10.1.19]
2026-04-15T19:03:01.822-06:00  INFO 27862 --- [broker-message-be] [           main] o.a.c.c.C.[Tomcat].[localhost].[/]       : Initializing Spring embedded WebApplicationContext
2026-04-15T19:03:01.823-06:00  INFO 27862 --- [broker-message-be] [           main] w.s.c.ServletWebServerApplicationContext : Root WebApplicationContext: initialization completed in 327 ms
2026-04-15T19:03:01.873-06:00  INFO 27862 --- [broker-message-be] [           main] o.hibernate.jpa.internal.util.LogHelper  : HHH000204: Processing PersistenceUnitInfo [name: default]
2026-04-15T19:03:01.887-06:00  INFO 27862 --- [broker-message-be] [           main] org.hibernate.Version                    : HHH000412: Hibernate ORM core version 6.4.4.Final
2026-04-15T19:03:01.895-06:00  INFO 27862 --- [broker-message-be] [           main] o.h.c.internal.RegionFactoryInitiator    : HHH000026: Second-level cache disabled
2026-04-15T19:03:01.957-06:00  INFO 27862 --- [broker-message-be] [           main] o.s.o.j.p.SpringPersistenceUnitInfo      : No LoadTimeWeaver setup: ignoring JPA class transformer
2026-04-15T19:03:01.963-06:00  INFO 27862 --- [broker-message-be] [           main] com.zaxxer.hikari.HikariDataSource       : HikariPool-1 - Starting...
2026-04-15T19:03:02.083-06:00  INFO 27862 --- [broker-message-be] [           main] com.zaxxer.hikari.pool.HikariPool        : HikariPool-1 - Added connection com.mysql.cj.jdbc.ConnectionImpl@328e4ec2
2026-04-15T19:03:02.083-06:00  INFO 27862 --- [broker-message-be] [           main] com.zaxxer.hikari.HikariDataSource       : HikariPool-1 - Start completed.
2026-04-15T19:03:02.350-06:00  INFO 27862 --- [broker-message-be] [           main] o.h.e.t.j.p.i.JtaPlatformInitiator       : HHH000489: No JTA platform available (set 'hibernate.transaction.jta.platform' to enable JTA platform integration)
Hibernate: create table order_retry_jobs (id bigint not null auto_increment, created_at datetime(6), data TEXT, last_error_message varchar(255), last_retry_at datetime(6), retry_count integer not null, status varchar(255), stepastatus varchar(255), stepbstatus varchar(255), stepcstatus varchar(255), primary key (id)) engine=InnoDB
Hibernate: create table payments_retry_jobs (id bigint not null auto_increment, created_at datetime(6), data TEXT, last_error_message varchar(255), last_retry_at datetime(6), retry_count integer not null, status varchar(255), stepastatus varchar(255), stepbstatus varchar(255), stepcstatus varchar(255), primary key (id)) engine=InnoDB
Hibernate: create table product_retry_jobs (id bigint not null auto_increment, created_at datetime(6), data TEXT, last_error_message varchar(255), last_retry_at datetime(6), retry_count integer not null, status varchar(255), stepastatus varchar(255), stepbstatus varchar(255), stepcstatus varchar(255), primary key (id)) engine=InnoDB
Hibernate: create table retry_jobs (id bigint not null auto_increment, created_at datetime(6), data TEXT, last_error_message varchar(255), last_retry_at datetime(6), retry_count integer not null, status varchar(255), stepastatus varchar(255), stepbstatus varchar(255), stepcstatus varchar(255), job_type varchar(255), primary key (id)) engine=InnoDB
2026-04-15T19:03:02.404-06:00  INFO 27862 --- [broker-message-be] [           main] j.LocalContainerEntityManagerFactoryBean : Initialized JPA EntityManagerFactory for persistence unit 'default'
2026-04-15T19:03:02.553-06:00  WARN 27862 --- [broker-message-be] [           main] JpaBaseConfiguration$JpaWebConfiguration : spring.jpa.open-in-view is enabled by default. Therefore, database queries may be performed during view rendering. Explicitly configure spring.jpa.open-in-view to disable this warning
2026-04-15T19:03:02.671-06:00  WARN 27862 --- [broker-message-be] [           main] ConfigServletWebServerApplicationContext : Exception encountered during context initialization - cancelling refresh attempt: org.springframework.context.ApplicationContextException: Failed to start bean 'webServerStartStop'
2026-04-15T19:03:02.672-06:00  INFO 27862 --- [broker-message-be] [           main] j.LocalContainerEntityManagerFactoryBean : Closing JPA EntityManagerFactory for persistence unit 'default'
2026-04-15T19:03:02.673-06:00  INFO 27862 --- [broker-message-be] [           main] com.zaxxer.hikari.HikariDataSource       : HikariPool-1 - Shutdown initiated...
2026-04-15T19:03:02.676-06:00  INFO 27862 --- [broker-message-be] [           main] com.zaxxer.hikari.HikariDataSource       : HikariPool-1 - Shutdown completed.
2026-04-15T19:03:02.680-06:00  INFO 27862 --- [broker-message-be] [           main] .s.b.a.l.ConditionEvaluationReportLogger : 

Error starting ApplicationContext. To display the condition evaluation report re-run your application with 'debug' enabled.
2026-04-15T19:03:02.684-06:00 ERROR 27862 --- [broker-message-be] [           main] o.s.b.d.LoggingFailureAnalysisReporter   : 

***************************
APPLICATION FAILED TO START
***************************

Description:

Web server failed to start. Port 8080 was already in use.

Action:

Identify and stop the process that's listening on port 8080 or configure this application to listen on another port.

[INFO] ------------------------------------------------------------------------
[INFO] BUILD FAILURE
[INFO] ------------------------------------------------------------------------
[INFO] Total time:  1.814 s
[INFO] Finished at: 2026-04-15T19:03:02-06:00
[INFO] ------------------------------------------------------------------------
[ERROR] Failed to execute goal org.springframework.boot:spring-boot-maven-plugin:3.2.4:run (default-cli) on project broker-message-be: Process terminated with exit code: 1 -> [Help 1]
[ERROR] 
[ERROR] To see the full stack trace of the errors, re-run Maven with the -e switch.
[ERROR] Re-run Maven using the -X switch to enable full debug logging.
[ERROR] 
[ERROR] For more information about the errors and possible solutions, please read the following articles:
[ERROR] [Help 1] http://cwiki.apache.org/confluence/display/MAVEN/MojoExecutionException
